<?xml version="1.0" encoding="UTF-8"?>
<!-- Generated by org.testng.reporters.JUnitReportReporter -->
<testsuite skipped="0" hostname="P2C-9XKR9B2" name="mvntestngfrm.TestOne" tests="1" failures="0" timestamp="29 Jan 2019 07:33:18 GMT" time="79.791" errors="0">
  <testcase name="test" time="79.791" classname="mvntestngfrm.TestOne"/>
</testsuite> <!-- mvntestngfrm.TestOne -->
