<?xml version="1.0" encoding="UTF-8"?>
<!-- Generated by org.testng.reporters.JUnitReportReporter -->
<testsuite skipped="0" hostname="P2C-9XKR9B2" name="mvntestngfrm.TestOne" tests="1" failures="0" timestamp="23 Jan 2019 09:03:21 GMT" time="26.909" errors="0">
  <testcase name="test" time="26.909" classname="mvntestngfrm.TestOne"/>
</testsuite> <!-- mvntestngfrm.TestOne -->
