<?xml version="1.0" encoding="UTF-8"?>
<!-- Generated by org.testng.reporters.JUnitReportReporter -->
<testsuite skipped="0" hostname="P2C-9XKR9B2" name="mvntestngfrm.AppTest" tests="1" failures="0" timestamp="29 Jan 2019 07:33:22 GMT" time="0.001" errors="0">
  <testcase name="testApp" time="0.001" classname="mvntestngfrm.AppTest"/>
</testsuite> <!-- mvntestngfrm.AppTest -->
