<?xml version="1.0" encoding="UTF-8"?>
<!-- Generated by org.testng.reporters.JUnitReportReporter -->
<testsuite skipped="0" hostname="P2C-9XKR9B2" name="mvntestngfrm.AppTest" tests="1" failures="0" timestamp="22 Jan 2019 11:28:41 GMT" time="0.008" errors="0">
  <testcase name="testApp" time="0.008" classname="mvntestngfrm.AppTest"/>
</testsuite> <!-- mvntestngfrm.AppTest -->
